<?xml version="1.0" encoding="UTF-8"?>
<robot generator="Robot 6.1.1 (Python 3.10.12 on linux)" generated="20241117 19:18:18.975" rpa="false" schemaversion="4">
<suite id="s1" name="Register" source="/home/zeke/palautusrepositorio/viikko3/web-login/src/tests/register.robot">
<kw name="Open And Configure Browser" library="resource" type="SETUP">
<if>
<branch type="IF" condition="$BROWSER == 'chrome'">
<kw name="Evaluate" library="BuiltIn">
<var>${options}</var>
<arg>sys.modules['selenium.webdriver'].ChromeOptions()</arg>
<arg>sys</arg>
<doc>Evaluates the given expression in Python and returns the result.</doc>
<msg timestamp="20241117 19:18:19.472" level="INFO">${options} = &lt;selenium.webdriver.chrome.options.Options object at 0x7fc34c7cb340&gt;</msg>
<status status="PASS" starttime="20241117 19:18:19.471" endtime="20241117 19:18:19.472"/>
</kw>
<status status="PASS" starttime="20241117 19:18:19.446" endtime="20241117 19:18:19.472"/>
</branch>
<branch type="ELSE IF" condition="$BROWSER == 'firefox'">
<kw name="Evaluate" library="BuiltIn">
<var>${options}</var>
<arg>sys.modules['selenium.webdriver'].FirefoxOptions()</arg>
<arg>sys</arg>
<doc>Evaluates the given expression in Python and returns the result.</doc>
<status status="NOT RUN" starttime="20241117 19:18:19.472" endtime="20241117 19:18:19.472"/>
</kw>
<status status="NOT RUN" starttime="20241117 19:18:19.472" endtime="20241117 19:18:19.472"/>
</branch>
<status status="PASS" starttime="20241117 19:18:19.446" endtime="20241117 19:18:19.472"/>
</if>
<if>
<branch type="IF" condition="$HEADLESS == 'true'">
<kw name="Set Selenium Speed" library="SeleniumLibrary">
<arg>0</arg>
<doc>Sets the delay that is waited after each Selenium command.</doc>
<status status="NOT RUN" starttime="20241117 19:18:19.473" endtime="20241117 19:18:19.473"/>
</kw>
<kw name="Call Method" library="BuiltIn">
<arg>${options}</arg>
<arg>add_argument</arg>
<arg>--headless</arg>
<doc>Calls the named method of the given object with the provided arguments.</doc>
<status status="NOT RUN" starttime="20241117 19:18:19.473" endtime="20241117 19:18:19.473"/>
</kw>
<status status="NOT RUN" starttime="20241117 19:18:19.472" endtime="20241117 19:18:19.473"/>
</branch>
<branch type="ELSE">
<kw name="Set Selenium Speed" library="SeleniumLibrary">
<arg>${DELAY}</arg>
<doc>Sets the delay that is waited after each Selenium command.</doc>
<status status="PASS" starttime="20241117 19:18:19.473" endtime="20241117 19:18:19.473"/>
</kw>
<status status="PASS" starttime="20241117 19:18:19.473" endtime="20241117 19:18:19.474"/>
</branch>
<status status="PASS" starttime="20241117 19:18:19.472" endtime="20241117 19:18:19.474"/>
</if>
<kw name="Open Browser" library="SeleniumLibrary">
<arg>browser=${BROWSER}</arg>
<arg>options=${options}</arg>
<doc>Opens a new browser instance to the optional ``url``.</doc>
<msg timestamp="20241117 19:18:19.475" level="INFO">Opening browser 'chrome' to base url 'None'.</msg>
<status status="PASS" starttime="20241117 19:18:19.474" endtime="20241117 19:18:20.294"/>
</kw>
<status status="PASS" starttime="20241117 19:18:19.444" endtime="20241117 19:18:20.294"/>
</kw>
<test id="s1-t1" name="Login After Successful Registration" line="9">
<kw name="Reset Application Create User And Go To Register Page" type="SETUP">
<kw name="Reset Application" library="AppLibrary">
<status status="PASS" starttime="20241117 19:18:20.297" endtime="20241117 19:18:20.304"/>
</kw>
<kw name="Create User" library="AppLibrary">
<arg>kalle</arg>
<arg>kalle123</arg>
<status status="PASS" starttime="20241117 19:18:20.305" endtime="20241117 19:18:20.315"/>
</kw>
<kw name="Go To Register Page" library="resource">
<kw name="Go To" library="SeleniumLibrary">
<arg>${REGISTER_URL}</arg>
<doc>Navigates the current browser window to the provided ``url``.</doc>
<msg timestamp="20241117 19:18:20.317" level="INFO">Opening url 'http://localhost:5001/register'</msg>
<status status="PASS" starttime="20241117 19:18:20.316" endtime="20241117 19:18:20.915"/>
</kw>
<status status="PASS" starttime="20241117 19:18:20.316" endtime="20241117 19:18:20.915"/>
</kw>
<status status="PASS" starttime="20241117 19:18:20.296" endtime="20241117 19:18:20.915"/>
</kw>
<kw name="Set Username">
<arg>zzz</arg>
<kw name="Input Text" library="SeleniumLibrary">
<arg>username</arg>
<arg>${username}</arg>
<doc>Types the given ``text`` into the text field identified by ``locator``.</doc>
<msg timestamp="20241117 19:18:20.917" level="INFO">Typing text 'zzz' into text field 'username'.</msg>
<status status="PASS" starttime="20241117 19:18:20.916" endtime="20241117 19:18:22.688"/>
</kw>
<status status="PASS" starttime="20241117 19:18:20.916" endtime="20241117 19:18:22.688"/>
</kw>
<kw name="Set Password">
<arg>zzzzz123</arg>
<kw name="Input Password" library="SeleniumLibrary">
<arg>password</arg>
<arg>${password}</arg>
<doc>Types the given password into the text field identified by ``locator``.</doc>
<msg timestamp="20241117 19:18:22.690" level="INFO">Typing password into text field 'password'.</msg>
<msg timestamp="20241117 19:18:23.820" level="INFO">Temporally setting log level to: NONE</msg>
<msg timestamp="20241117 19:18:24.447" level="INFO">Log level changed from NONE to INFO.</msg>
<status status="PASS" starttime="20241117 19:18:22.689" endtime="20241117 19:18:24.447"/>
</kw>
<status status="PASS" starttime="20241117 19:18:22.689" endtime="20241117 19:18:24.447"/>
</kw>
<kw name="Set Password confirmation">
<arg>zzzzz123</arg>
<kw name="Input Password" library="SeleniumLibrary">
<arg>password_confirmation</arg>
<arg>${password_confirmation}</arg>
<doc>Types the given password into the text field identified by ``locator``.</doc>
<msg timestamp="20241117 19:18:24.449" level="INFO">Typing password into text field 'password_confirmation'.</msg>
<msg timestamp="20241117 19:18:25.579" level="INFO">Temporally setting log level to: NONE</msg>
<msg timestamp="20241117 19:18:26.198" level="INFO">Log level changed from NONE to INFO.</msg>
<status status="PASS" starttime="20241117 19:18:24.448" endtime="20241117 19:18:26.198"/>
</kw>
<status status="PASS" starttime="20241117 19:18:24.448" endtime="20241117 19:18:26.198"/>
</kw>
<kw name="Submit Credentials">
<kw name="Click Button" library="SeleniumLibrary">
<arg>Register</arg>
<doc>Clicks the button identified by ``locator``.</doc>
<msg timestamp="20241117 19:18:26.200" level="INFO">Clicking button 'Register'.</msg>
<status status="PASS" starttime="20241117 19:18:26.199" endtime="20241117 19:18:28.513"/>
</kw>
<status status="PASS" starttime="20241117 19:18:26.199" endtime="20241117 19:18:28.513"/>
</kw>
<kw name="Register Should Succeed">
<kw name="Welcome Page Should Be Open" library="resource">
<kw name="Title Should Be" library="SeleniumLibrary">
<arg>Welcome to Ohtu Application!</arg>
<doc>Verifies that the current page title equals ``title``.</doc>
<msg timestamp="20241117 19:18:29.029" level="INFO">Page title is 'Welcome to Ohtu Application!'.</msg>
<status status="PASS" starttime="20241117 19:18:28.515" endtime="20241117 19:18:29.030"/>
</kw>
<status status="PASS" starttime="20241117 19:18:28.514" endtime="20241117 19:18:29.030"/>
</kw>
<status status="PASS" starttime="20241117 19:18:28.514" endtime="20241117 19:18:29.030"/>
</kw>
<kw name="Go To Main Page" library="resource">
<kw name="Go To" library="SeleniumLibrary">
<arg>${OHTU_URL}</arg>
<doc>Navigates the current browser window to the provided ``url``.</doc>
<msg timestamp="20241117 19:18:29.032" level="INFO">Opening url 'http://localhost:5001/ohtu'</msg>
<status status="PASS" starttime="20241117 19:18:29.031" endtime="20241117 19:18:29.611"/>
</kw>
<status status="PASS" starttime="20241117 19:18:29.031" endtime="20241117 19:18:29.611"/>
</kw>
<kw name="Logout User">
<kw name="Click Button" library="SeleniumLibrary">
<arg>Logout</arg>
<doc>Clicks the button identified by ``locator``.</doc>
<msg timestamp="20241117 19:18:29.613" level="INFO">Clicking button 'Logout'.</msg>
<status status="PASS" starttime="20241117 19:18:29.612" endtime="20241117 19:18:31.932"/>
</kw>
<status status="PASS" starttime="20241117 19:18:29.611" endtime="20241117 19:18:31.932"/>
</kw>
<kw name="Logout Should Succeed">
<kw name="Login Page Should Be Open" library="resource">
<kw name="Title Should Be" library="SeleniumLibrary">
<arg>Login</arg>
<doc>Verifies that the current page title equals ``title``.</doc>
<msg timestamp="20241117 19:18:32.447" level="INFO">Page title is 'Login'.</msg>
<status status="PASS" starttime="20241117 19:18:31.934" endtime="20241117 19:18:32.448"/>
</kw>
<status status="PASS" starttime="20241117 19:18:31.933" endtime="20241117 19:18:32.448"/>
</kw>
<status status="PASS" starttime="20241117 19:18:31.933" endtime="20241117 19:18:32.448"/>
</kw>
<kw name="Set Username">
<arg>zzz</arg>
<kw name="Input Text" library="SeleniumLibrary">
<arg>username</arg>
<arg>${username}</arg>
<doc>Types the given ``text`` into the text field identified by ``locator``.</doc>
<msg timestamp="20241117 19:18:32.450" level="INFO">Typing text 'zzz' into text field 'username'.</msg>
<status status="PASS" starttime="20241117 19:18:32.449" endtime="20241117 19:18:34.168"/>
</kw>
<status status="PASS" starttime="20241117 19:18:32.449" endtime="20241117 19:18:34.168"/>
</kw>
<kw name="Set Password">
<arg>zzzzz123</arg>
<kw name="Input Password" library="SeleniumLibrary">
<arg>password</arg>
<arg>${password}</arg>
<doc>Types the given password into the text field identified by ``locator``.</doc>
<msg timestamp="20241117 19:18:34.170" level="INFO">Typing password into text field 'password'.</msg>
<msg timestamp="20241117 19:18:35.291" level="INFO">Temporally setting log level to: NONE</msg>
<msg timestamp="20241117 19:18:35.898" level="INFO">Log level changed from NONE to INFO.</msg>
<status status="PASS" starttime="20241117 19:18:34.169" endtime="20241117 19:18:35.898"/>
</kw>
<status status="PASS" starttime="20241117 19:18:34.168" endtime="20241117 19:18:35.898"/>
</kw>
<kw name="Login User">
<kw name="Click Button" library="SeleniumLibrary">
<arg>Login</arg>
<doc>Clicks the button identified by ``locator``.</doc>
<msg timestamp="20241117 19:18:35.900" level="INFO">Clicking button 'Login'.</msg>
<status status="PASS" starttime="20241117 19:18:35.899" endtime="20241117 19:18:38.235"/>
</kw>
<status status="PASS" starttime="20241117 19:18:35.899" endtime="20241117 19:18:38.235"/>
</kw>
<kw name="Login Should Succeed">
<kw name="Main Page Should Be Open" library="resource">
<kw name="Title Should Be" library="SeleniumLibrary">
<arg>Ohtu Application main page</arg>
<doc>Verifies that the current page title equals ``title``.</doc>
<msg timestamp="20241117 19:18:38.757" level="INFO">Page title is 'Ohtu Application main page'.</msg>
<status status="PASS" starttime="20241117 19:18:38.236" endtime="20241117 19:18:38.757"/>
</kw>
<status status="PASS" starttime="20241117 19:18:38.236" endtime="20241117 19:18:38.757"/>
</kw>
<status status="PASS" starttime="20241117 19:18:38.235" endtime="20241117 19:18:38.757"/>
</kw>
<status status="PASS" starttime="20241117 19:18:20.294" endtime="20241117 19:18:38.758"/>
</test>
<test id="s1-t2" name="Login After Failed Registration" line="23">
<kw name="Reset Application Create User And Go To Register Page" type="SETUP">
<kw name="Reset Application" library="AppLibrary">
<status status="PASS" starttime="20241117 19:18:38.761" endtime="20241117 19:18:38.766"/>
</kw>
<kw name="Create User" library="AppLibrary">
<arg>kalle</arg>
<arg>kalle123</arg>
<status status="PASS" starttime="20241117 19:18:38.766" endtime="20241117 19:18:38.778"/>
</kw>
<kw name="Go To Register Page" library="resource">
<kw name="Go To" library="SeleniumLibrary">
<arg>${REGISTER_URL}</arg>
<doc>Navigates the current browser window to the provided ``url``.</doc>
<msg timestamp="20241117 19:18:38.779" level="INFO">Opening url 'http://localhost:5001/register'</msg>
<status status="PASS" starttime="20241117 19:18:38.779" endtime="20241117 19:18:39.361"/>
</kw>
<status status="PASS" starttime="20241117 19:18:38.778" endtime="20241117 19:18:39.361"/>
</kw>
<status status="PASS" starttime="20241117 19:18:38.760" endtime="20241117 19:18:39.362"/>
</kw>
<kw name="Set Username">
<arg>zzz</arg>
<kw name="Input Text" library="SeleniumLibrary">
<arg>username</arg>
<arg>${username}</arg>
<doc>Types the given ``text`` into the text field identified by ``locator``.</doc>
<msg timestamp="20241117 19:18:39.364" level="INFO">Typing text 'zzz' into text field 'username'.</msg>
<status status="PASS" starttime="20241117 19:18:39.363" endtime="20241117 19:18:41.104"/>
</kw>
<status status="PASS" starttime="20241117 19:18:39.362" endtime="20241117 19:18:41.105"/>
</kw>
<kw name="Set Password">
<arg>zzzzz123</arg>
<kw name="Input Password" library="SeleniumLibrary">
<arg>password</arg>
<arg>${password}</arg>
<doc>Types the given password into the text field identified by ``locator``.</doc>
<msg timestamp="20241117 19:18:41.107" level="INFO">Typing password into text field 'password'.</msg>
<msg timestamp="20241117 19:18:42.217" level="INFO">Temporally setting log level to: NONE</msg>
<msg timestamp="20241117 19:18:42.818" level="INFO">Log level changed from NONE to INFO.</msg>
<status status="PASS" starttime="20241117 19:18:41.106" endtime="20241117 19:18:42.818"/>
</kw>
<status status="PASS" starttime="20241117 19:18:41.105" endtime="20241117 19:18:42.818"/>
</kw>
<kw name="Set Password confirmation">
<arg>zzzzz1234</arg>
<kw name="Input Password" library="SeleniumLibrary">
<arg>password_confirmation</arg>
<arg>${password_confirmation}</arg>
<doc>Types the given password into the text field identified by ``locator``.</doc>
<msg timestamp="20241117 19:18:42.820" level="INFO">Typing password into text field 'password_confirmation'.</msg>
<msg timestamp="20241117 19:18:43.945" level="INFO">Temporally setting log level to: NONE</msg>
<msg timestamp="20241117 19:18:44.558" level="INFO">Log level changed from NONE to INFO.</msg>
<status status="PASS" starttime="20241117 19:18:42.819" endtime="20241117 19:18:44.558"/>
</kw>
<status status="PASS" starttime="20241117 19:18:42.819" endtime="20241117 19:18:44.558"/>
</kw>
<kw name="Submit Credentials">
<kw name="Click Button" library="SeleniumLibrary">
<arg>Register</arg>
<doc>Clicks the button identified by ``locator``.</doc>
<msg timestamp="20241117 19:18:44.560" level="INFO">Clicking button 'Register'.</msg>
<status status="PASS" starttime="20241117 19:18:44.559" endtime="20241117 19:18:46.842"/>
</kw>
<status status="PASS" starttime="20241117 19:18:44.559" endtime="20241117 19:18:46.842"/>
</kw>
<kw name="Register Should Fail With Message">
<arg>Password doesn't match</arg>
<kw name="Register Page Should Be Open" library="resource">
<kw name="Title Should Be" library="SeleniumLibrary">
<arg>Register</arg>
<doc>Verifies that the current page title equals ``title``.</doc>
<msg timestamp="20241117 19:18:47.383" level="INFO">Page title is 'Register'.</msg>
<status status="PASS" starttime="20241117 19:18:46.844" endtime="20241117 19:18:47.384"/>
</kw>
<status status="PASS" starttime="20241117 19:18:46.844" endtime="20241117 19:18:47.384"/>
</kw>
<kw name="Page Should Contain" library="SeleniumLibrary">
<arg>${message}</arg>
<doc>Verifies that current page contains ``text``.</doc>
<msg timestamp="20241117 19:18:48.473" level="INFO">Current page contains text 'Password doesn't match'.</msg>
<status status="PASS" starttime="20241117 19:18:47.384" endtime="20241117 19:18:48.474"/>
</kw>
<status status="PASS" starttime="20241117 19:18:46.843" endtime="20241117 19:18:48.474"/>
</kw>
<kw name="Go To Login Page" library="resource">
<kw name="Go To" library="SeleniumLibrary">
<arg>${LOGIN_URL}</arg>
<doc>Navigates the current browser window to the provided ``url``.</doc>
<msg timestamp="20241117 19:18:48.476" level="INFO">Opening url 'http://localhost:5001/login'</msg>
<status status="PASS" starttime="20241117 19:18:48.475" endtime="20241117 19:18:49.065"/>
</kw>
<status status="PASS" starttime="20241117 19:18:48.474" endtime="20241117 19:18:49.066"/>
</kw>
<kw name="Set Username">
<arg>zzz</arg>
<kw name="Input Text" library="SeleniumLibrary">
<arg>username</arg>
<arg>${username}</arg>
<doc>Types the given ``text`` into the text field identified by ``locator``.</doc>
<msg timestamp="20241117 19:18:49.068" level="INFO">Typing text 'zzz' into text field 'username'.</msg>
<status status="PASS" starttime="20241117 19:18:49.067" endtime="20241117 19:18:50.811"/>
</kw>
<status status="PASS" starttime="20241117 19:18:49.066" endtime="20241117 19:18:50.811"/>
</kw>
<kw name="Set Password">
<arg>zzzzz123</arg>
<kw name="Input Password" library="SeleniumLibrary">
<arg>password</arg>
<arg>${password}</arg>
<doc>Types the given password into the text field identified by ``locator``.</doc>
<msg timestamp="20241117 19:18:50.813" level="INFO">Typing password into text field 'password'.</msg>
<msg timestamp="20241117 19:18:51.934" level="INFO">Temporally setting log level to: NONE</msg>
<msg timestamp="20241117 19:18:52.554" level="INFO">Log level changed from NONE to INFO.</msg>
<status status="PASS" starttime="20241117 19:18:50.812" endtime="20241117 19:18:52.554"/>
</kw>
<status status="PASS" starttime="20241117 19:18:50.811" endtime="20241117 19:18:52.554"/>
</kw>
<kw name="Login User">
<kw name="Click Button" library="SeleniumLibrary">
<arg>Login</arg>
<doc>Clicks the button identified by ``locator``.</doc>
<msg timestamp="20241117 19:18:52.555" level="INFO">Clicking button 'Login'.</msg>
<status status="PASS" starttime="20241117 19:18:52.555" endtime="20241117 19:18:54.807"/>
</kw>
<status status="PASS" starttime="20241117 19:18:52.554" endtime="20241117 19:18:54.808"/>
</kw>
<kw name="Login Should Fail With Message">
<arg>Invalid username or password</arg>
<kw name="Login Page Should Be Open" library="resource">
<kw name="Title Should Be" library="SeleniumLibrary">
<arg>Login</arg>
<doc>Verifies that the current page title equals ``title``.</doc>
<msg timestamp="20241117 19:18:55.348" level="INFO">Page title is 'Login'.</msg>
<status status="PASS" starttime="20241117 19:18:54.809" endtime="20241117 19:18:55.349"/>
</kw>
<status status="PASS" starttime="20241117 19:18:54.809" endtime="20241117 19:18:55.349"/>
</kw>
<kw name="Page Should Contain" library="SeleniumLibrary">
<arg>${message}</arg>
<doc>Verifies that current page contains ``text``.</doc>
<msg timestamp="20241117 19:18:56.397" level="INFO">Current page contains text 'Invalid username or password'.</msg>
<status status="PASS" starttime="20241117 19:18:55.349" endtime="20241117 19:18:56.398"/>
</kw>
<status status="PASS" starttime="20241117 19:18:54.808" endtime="20241117 19:18:56.398"/>
</kw>
<status status="PASS" starttime="20241117 19:18:38.759" endtime="20241117 19:18:56.398"/>
</test>
<test id="s1-t3" name="Register With Valid Username And Password" line="35">
<kw name="Reset Application Create User And Go To Register Page" type="SETUP">
<kw name="Reset Application" library="AppLibrary">
<status status="PASS" starttime="20241117 19:18:56.401" endtime="20241117 19:18:56.406"/>
</kw>
<kw name="Create User" library="AppLibrary">
<arg>kalle</arg>
<arg>kalle123</arg>
<status status="PASS" starttime="20241117 19:18:56.406" endtime="20241117 19:18:56.418"/>
</kw>
<kw name="Go To Register Page" library="resource">
<kw name="Go To" library="SeleniumLibrary">
<arg>${REGISTER_URL}</arg>
<doc>Navigates the current browser window to the provided ``url``.</doc>
<msg timestamp="20241117 19:18:56.419" level="INFO">Opening url 'http://localhost:5001/register'</msg>
<status status="PASS" starttime="20241117 19:18:56.418" endtime="20241117 19:18:56.988"/>
</kw>
<status status="PASS" starttime="20241117 19:18:56.418" endtime="20241117 19:18:56.988"/>
</kw>
<status status="PASS" starttime="20241117 19:18:56.400" endtime="20241117 19:18:56.988"/>
</kw>
<kw name="Set Username">
<arg>zzz</arg>
<kw name="Input Text" library="SeleniumLibrary">
<arg>username</arg>
<arg>${username}</arg>
<doc>Types the given ``text`` into the text field identified by ``locator``.</doc>
<msg timestamp="20241117 19:18:56.990" level="INFO">Typing text 'zzz' into text field 'username'.</msg>
<status status="PASS" starttime="20241117 19:18:56.989" endtime="20241117 19:18:58.697"/>
</kw>
<status status="PASS" starttime="20241117 19:18:56.988" endtime="20241117 19:18:58.697"/>
</kw>
<kw name="Set Password">
<arg>zzzzz123</arg>
<kw name="Input Password" library="SeleniumLibrary">
<arg>password</arg>
<arg>${password}</arg>
<doc>Types the given password into the text field identified by ``locator``.</doc>
<msg timestamp="20241117 19:18:58.699" level="INFO">Typing password into text field 'password'.</msg>
<msg timestamp="20241117 19:18:59.817" level="INFO">Temporally setting log level to: NONE</msg>
<msg timestamp="20241117 19:19:00.448" level="INFO">Log level changed from NONE to INFO.</msg>
<status status="PASS" starttime="20241117 19:18:58.699" endtime="20241117 19:19:00.448"/>
</kw>
<status status="PASS" starttime="20241117 19:18:58.698" endtime="20241117 19:19:00.448"/>
</kw>
<kw name="Set Password confirmation">
<arg>zzzzz123</arg>
<kw name="Input Password" library="SeleniumLibrary">
<arg>password_confirmation</arg>
<arg>${password_confirmation}</arg>
<doc>Types the given password into the text field identified by ``locator``.</doc>
<msg timestamp="20241117 19:19:00.451" level="INFO">Typing password into text field 'password_confirmation'.</msg>
<msg timestamp="20241117 19:19:01.576" level="INFO">Temporally setting log level to: NONE</msg>
<msg timestamp="20241117 19:19:02.175" level="INFO">Log level changed from NONE to INFO.</msg>
<status status="PASS" starttime="20241117 19:19:00.450" endtime="20241117 19:19:02.175"/>
</kw>
<status status="PASS" starttime="20241117 19:19:00.449" endtime="20241117 19:19:02.175"/>
</kw>
<kw name="Submit Credentials">
<kw name="Click Button" library="SeleniumLibrary">
<arg>Register</arg>
<doc>Clicks the button identified by ``locator``.</doc>
<msg timestamp="20241117 19:19:02.177" level="INFO">Clicking button 'Register'.</msg>
<status status="PASS" starttime="20241117 19:19:02.176" endtime="20241117 19:19:04.457"/>
</kw>
<status status="PASS" starttime="20241117 19:19:02.176" endtime="20241117 19:19:04.458"/>
</kw>
<kw name="Register Should Succeed">
<kw name="Welcome Page Should Be Open" library="resource">
<kw name="Title Should Be" library="SeleniumLibrary">
<arg>Welcome to Ohtu Application!</arg>
<doc>Verifies that the current page title equals ``title``.</doc>
<msg timestamp="20241117 19:19:05.001" level="INFO">Page title is 'Welcome to Ohtu Application!'.</msg>
<status status="PASS" starttime="20241117 19:19:04.459" endtime="20241117 19:19:05.001"/>
</kw>
<status status="PASS" starttime="20241117 19:19:04.459" endtime="20241117 19:19:05.002"/>
</kw>
<status status="PASS" starttime="20241117 19:19:04.458" endtime="20241117 19:19:05.002"/>
</kw>
<status status="PASS" starttime="20241117 19:18:56.399" endtime="20241117 19:19:05.002"/>
</test>
<test id="s1-t4" name="Register With Too Short Username And Valid Password" line="42">
<kw name="Reset Application Create User And Go To Register Page" type="SETUP">
<kw name="Reset Application" library="AppLibrary">
<status status="PASS" starttime="20241117 19:19:05.005" endtime="20241117 19:19:05.010"/>
</kw>
<kw name="Create User" library="AppLibrary">
<arg>kalle</arg>
<arg>kalle123</arg>
<status status="PASS" starttime="20241117 19:19:05.010" endtime="20241117 19:19:05.021"/>
</kw>
<kw name="Go To Register Page" library="resource">
<kw name="Go To" library="SeleniumLibrary">
<arg>${REGISTER_URL}</arg>
<doc>Navigates the current browser window to the provided ``url``.</doc>
<msg timestamp="20241117 19:19:05.022" level="INFO">Opening url 'http://localhost:5001/register'</msg>
<status status="PASS" starttime="20241117 19:19:05.021" endtime="20241117 19:19:05.626"/>
</kw>
<status status="PASS" starttime="20241117 19:19:05.021" endtime="20241117 19:19:05.627"/>
</kw>
<status status="PASS" starttime="20241117 19:19:05.004" endtime="20241117 19:19:05.627"/>
</kw>
<kw name="Set Username">
<arg>zz</arg>
<kw name="Input Text" library="SeleniumLibrary">
<arg>username</arg>
<arg>${username}</arg>
<doc>Types the given ``text`` into the text field identified by ``locator``.</doc>
<msg timestamp="20241117 19:19:05.629" level="INFO">Typing text 'zz' into text field 'username'.</msg>
<status status="PASS" starttime="20241117 19:19:05.628" endtime="20241117 19:19:07.342"/>
</kw>
<status status="PASS" starttime="20241117 19:19:05.627" endtime="20241117 19:19:07.343"/>
</kw>
<kw name="Set Password">
<arg>zzzzz123</arg>
<kw name="Input Password" library="SeleniumLibrary">
<arg>password</arg>
<arg>${password}</arg>
<doc>Types the given password into the text field identified by ``locator``.</doc>
<msg timestamp="20241117 19:19:07.345" level="INFO">Typing password into text field 'password'.</msg>
<msg timestamp="20241117 19:19:08.474" level="INFO">Temporally setting log level to: NONE</msg>
<msg timestamp="20241117 19:19:09.106" level="INFO">Log level changed from NONE to INFO.</msg>
<status status="PASS" starttime="20241117 19:19:07.344" endtime="20241117 19:19:09.106"/>
</kw>
<status status="PASS" starttime="20241117 19:19:07.343" endtime="20241117 19:19:09.106"/>
</kw>
<kw name="Set Password confirmation">
<arg>zzzzz123</arg>
<kw name="Input Password" library="SeleniumLibrary">
<arg>password_confirmation</arg>
<arg>${password_confirmation}</arg>
<doc>Types the given password into the text field identified by ``locator``.</doc>
<msg timestamp="20241117 19:19:09.108" level="INFO">Typing password into text field 'password_confirmation'.</msg>
<msg timestamp="20241117 19:19:10.207" level="INFO">Temporally setting log level to: NONE</msg>
<msg timestamp="20241117 19:19:10.831" level="INFO">Log level changed from NONE to INFO.</msg>
<status status="PASS" starttime="20241117 19:19:09.107" endtime="20241117 19:19:10.831"/>
</kw>
<status status="PASS" starttime="20241117 19:19:09.106" endtime="20241117 19:19:10.832"/>
</kw>
<kw name="Submit Credentials">
<kw name="Click Button" library="SeleniumLibrary">
<arg>Register</arg>
<doc>Clicks the button identified by ``locator``.</doc>
<msg timestamp="20241117 19:19:10.834" level="INFO">Clicking button 'Register'.</msg>
<status status="PASS" starttime="20241117 19:19:10.833" endtime="20241117 19:19:13.152"/>
</kw>
<status status="PASS" starttime="20241117 19:19:10.832" endtime="20241117 19:19:13.152"/>
</kw>
<kw name="Register Should Fail With Message">
<arg>Username must be at least 3 characters</arg>
<kw name="Register Page Should Be Open" library="resource">
<kw name="Title Should Be" library="SeleniumLibrary">
<arg>Register</arg>
<doc>Verifies that the current page title equals ``title``.</doc>
<msg timestamp="20241117 19:19:13.694" level="INFO">Page title is 'Register'.</msg>
<status status="PASS" starttime="20241117 19:19:13.154" endtime="20241117 19:19:13.695"/>
</kw>
<status status="PASS" starttime="20241117 19:19:13.154" endtime="20241117 19:19:13.695"/>
</kw>
<kw name="Page Should Contain" library="SeleniumLibrary">
<arg>${message}</arg>
<doc>Verifies that current page contains ``text``.</doc>
<msg timestamp="20241117 19:19:14.784" level="INFO">Current page contains text 'Username must be at least 3 characters'.</msg>
<status status="PASS" starttime="20241117 19:19:13.695" endtime="20241117 19:19:14.784"/>
</kw>
<status status="PASS" starttime="20241117 19:19:13.153" endtime="20241117 19:19:14.785"/>
</kw>
<status status="PASS" starttime="20241117 19:19:05.003" endtime="20241117 19:19:14.785"/>
</test>
<test id="s1-t5" name="Register With Valid Username And Too Short Password" line="49">
<kw name="Reset Application Create User And Go To Register Page" type="SETUP">
<kw name="Reset Application" library="AppLibrary">
<status status="PASS" starttime="20241117 19:19:14.788" endtime="20241117 19:19:14.794"/>
</kw>
<kw name="Create User" library="AppLibrary">
<arg>kalle</arg>
<arg>kalle123</arg>
<status status="PASS" starttime="20241117 19:19:14.794" endtime="20241117 19:19:14.805"/>
</kw>
<kw name="Go To Register Page" library="resource">
<kw name="Go To" library="SeleniumLibrary">
<arg>${REGISTER_URL}</arg>
<doc>Navigates the current browser window to the provided ``url``.</doc>
<msg timestamp="20241117 19:19:14.806" level="INFO">Opening url 'http://localhost:5001/register'</msg>
<status status="PASS" starttime="20241117 19:19:14.805" endtime="20241117 19:19:15.364"/>
</kw>
<status status="PASS" starttime="20241117 19:19:14.805" endtime="20241117 19:19:15.364"/>
</kw>
<status status="PASS" starttime="20241117 19:19:14.787" endtime="20241117 19:19:15.364"/>
</kw>
<kw name="Set Username">
<arg>zzz</arg>
<kw name="Input Text" library="SeleniumLibrary">
<arg>username</arg>
<arg>${username}</arg>
<doc>Types the given ``text`` into the text field identified by ``locator``.</doc>
<msg timestamp="20241117 19:19:15.367" level="INFO">Typing text 'zzz' into text field 'username'.</msg>
<status status="PASS" starttime="20241117 19:19:15.366" endtime="20241117 19:19:17.115"/>
</kw>
<status status="PASS" starttime="20241117 19:19:15.365" endtime="20241117 19:19:17.116"/>
</kw>
<kw name="Set Password">
<arg>zzzzz12</arg>
<kw name="Input Password" library="SeleniumLibrary">
<arg>password</arg>
<arg>${password}</arg>
<doc>Types the given password into the text field identified by ``locator``.</doc>
<msg timestamp="20241117 19:19:17.118" level="INFO">Typing password into text field 'password'.</msg>
<msg timestamp="20241117 19:19:18.241" level="INFO">Temporally setting log level to: NONE</msg>
<msg timestamp="20241117 19:19:18.867" level="INFO">Log level changed from NONE to INFO.</msg>
<status status="PASS" starttime="20241117 19:19:17.117" endtime="20241117 19:19:18.868"/>
</kw>
<status status="PASS" starttime="20241117 19:19:17.116" endtime="20241117 19:19:18.868"/>
</kw>
<kw name="Set Password confirmation">
<arg>zzzzz12</arg>
<kw name="Input Password" library="SeleniumLibrary">
<arg>password_confirmation</arg>
<arg>${password_confirmation}</arg>
<doc>Types the given password into the text field identified by ``locator``.</doc>
<msg timestamp="20241117 19:19:18.870" level="INFO">Typing password into text field 'password_confirmation'.</msg>
<msg timestamp="20241117 19:19:19.967" level="INFO">Temporally setting log level to: NONE</msg>
<msg timestamp="20241117 19:19:20.577" level="INFO">Log level changed from NONE to INFO.</msg>
<status status="PASS" starttime="20241117 19:19:18.869" endtime="20241117 19:19:20.578"/>
</kw>
<status status="PASS" starttime="20241117 19:19:18.868" endtime="20241117 19:19:20.578"/>
</kw>
<kw name="Submit Credentials">
<kw name="Click Button" library="SeleniumLibrary">
<arg>Register</arg>
<doc>Clicks the button identified by ``locator``.</doc>
<msg timestamp="20241117 19:19:20.581" level="INFO">Clicking button 'Register'.</msg>
<status status="PASS" starttime="20241117 19:19:20.579" endtime="20241117 19:19:22.903"/>
</kw>
<status status="PASS" starttime="20241117 19:19:20.578" endtime="20241117 19:19:22.903"/>
</kw>
<kw name="Register Should Fail With Message">
<arg>Password must be at least 8 characters</arg>
<kw name="Register Page Should Be Open" library="resource">
<kw name="Title Should Be" library="SeleniumLibrary">
<arg>Register</arg>
<doc>Verifies that the current page title equals ``title``.</doc>
<msg timestamp="20241117 19:19:23.434" level="INFO">Page title is 'Register'.</msg>
<status status="PASS" starttime="20241117 19:19:22.905" endtime="20241117 19:19:23.435"/>
</kw>
<status status="PASS" starttime="20241117 19:19:22.904" endtime="20241117 19:19:23.435"/>
</kw>
<kw name="Page Should Contain" library="SeleniumLibrary">
<arg>${message}</arg>
<doc>Verifies that current page contains ``text``.</doc>
<msg timestamp="20241117 19:19:24.517" level="INFO">Current page contains text 'Password must be at least 8 characters'.</msg>
<status status="PASS" starttime="20241117 19:19:23.435" endtime="20241117 19:19:24.518"/>
</kw>
<status status="PASS" starttime="20241117 19:19:22.904" endtime="20241117 19:19:24.518"/>
</kw>
<status status="PASS" starttime="20241117 19:19:14.786" endtime="20241117 19:19:24.518"/>
</test>
<test id="s1-t6" name="Register With Valid Username And Invalid Password" line="56">
<kw name="Reset Application Create User And Go To Register Page" type="SETUP">
<kw name="Reset Application" library="AppLibrary">
<status status="PASS" starttime="20241117 19:19:24.521" endtime="20241117 19:19:24.527"/>
</kw>
<kw name="Create User" library="AppLibrary">
<arg>kalle</arg>
<arg>kalle123</arg>
<status status="PASS" starttime="20241117 19:19:24.527" endtime="20241117 19:19:24.538"/>
</kw>
<kw name="Go To Register Page" library="resource">
<kw name="Go To" library="SeleniumLibrary">
<arg>${REGISTER_URL}</arg>
<doc>Navigates the current browser window to the provided ``url``.</doc>
<msg timestamp="20241117 19:19:24.540" level="INFO">Opening url 'http://localhost:5001/register'</msg>
<status status="PASS" starttime="20241117 19:19:24.539" endtime="20241117 19:19:25.112"/>
</kw>
<status status="PASS" starttime="20241117 19:19:24.539" endtime="20241117 19:19:25.113"/>
</kw>
<status status="PASS" starttime="20241117 19:19:24.521" endtime="20241117 19:19:25.113"/>
</kw>
<kw name="Set Username">
<arg>zzz</arg>
<kw name="Input Text" library="SeleniumLibrary">
<arg>username</arg>
<arg>${username}</arg>
<doc>Types the given ``text`` into the text field identified by ``locator``.</doc>
<msg timestamp="20241117 19:19:25.115" level="INFO">Typing text 'zzz' into text field 'username'.</msg>
<status status="PASS" starttime="20241117 19:19:25.114" endtime="20241117 19:19:26.828"/>
</kw>
<status status="PASS" starttime="20241117 19:19:25.113" endtime="20241117 19:19:26.828"/>
</kw>
<kw name="Set Password">
<arg>zzzzzzzz</arg>
<kw name="Input Password" library="SeleniumLibrary">
<arg>password</arg>
<arg>${password}</arg>
<doc>Types the given password into the text field identified by ``locator``.</doc>
<msg timestamp="20241117 19:19:26.830" level="INFO">Typing password into text field 'password'.</msg>
<msg timestamp="20241117 19:19:27.954" level="INFO">Temporally setting log level to: NONE</msg>
<msg timestamp="20241117 19:19:28.586" level="INFO">Log level changed from NONE to INFO.</msg>
<status status="PASS" starttime="20241117 19:19:26.829" endtime="20241117 19:19:28.586"/>
</kw>
<status status="PASS" starttime="20241117 19:19:26.829" endtime="20241117 19:19:28.586"/>
</kw>
<kw name="Set Password confirmation">
<arg>zzzzzzzz</arg>
<kw name="Input Password" library="SeleniumLibrary">
<arg>password_confirmation</arg>
<arg>${password_confirmation}</arg>
<doc>Types the given password into the text field identified by ``locator``.</doc>
<msg timestamp="20241117 19:19:28.589" level="INFO">Typing password into text field 'password_confirmation'.</msg>
<msg timestamp="20241117 19:19:29.716" level="INFO">Temporally setting log level to: NONE</msg>
<msg timestamp="20241117 19:19:30.338" level="INFO">Log level changed from NONE to INFO.</msg>
<status status="PASS" starttime="20241117 19:19:28.588" endtime="20241117 19:19:30.338"/>
</kw>
<status status="PASS" starttime="20241117 19:19:28.587" endtime="20241117 19:19:30.339"/>
</kw>
<kw name="Submit Credentials">
<kw name="Click Button" library="SeleniumLibrary">
<arg>Register</arg>
<doc>Clicks the button identified by ``locator``.</doc>
<msg timestamp="20241117 19:19:30.340" level="INFO">Clicking button 'Register'.</msg>
<status status="PASS" starttime="20241117 19:19:30.339" endtime="20241117 19:19:32.637"/>
</kw>
<status status="PASS" starttime="20241117 19:19:30.339" endtime="20241117 19:19:32.638"/>
</kw>
<kw name="Register Should Fail With Message">
<arg>Password can't consist of characters only</arg>
<kw name="Register Page Should Be Open" library="resource">
<kw name="Title Should Be" library="SeleniumLibrary">
<arg>Register</arg>
<doc>Verifies that the current page title equals ``title``.</doc>
<msg timestamp="20241117 19:19:33.179" level="INFO">Page title is 'Register'.</msg>
<status status="PASS" starttime="20241117 19:19:32.639" endtime="20241117 19:19:33.179"/>
</kw>
<status status="PASS" starttime="20241117 19:19:32.639" endtime="20241117 19:19:33.179"/>
</kw>
<kw name="Page Should Contain" library="SeleniumLibrary">
<arg>${message}</arg>
<doc>Verifies that current page contains ``text``.</doc>
<msg timestamp="20241117 19:19:34.238" level="INFO">Current page contains text 'Password can't consist of characters only'.</msg>
<status status="PASS" starttime="20241117 19:19:33.180" endtime="20241117 19:19:34.238"/>
</kw>
<status status="PASS" starttime="20241117 19:19:32.638" endtime="20241117 19:19:34.238"/>
</kw>
<status status="PASS" starttime="20241117 19:19:24.520" endtime="20241117 19:19:34.239"/>
</test>
<test id="s1-t7" name="Register With Nonmatching Password And Password Confirmation" line="63">
<kw name="Reset Application Create User And Go To Register Page" type="SETUP">
<kw name="Reset Application" library="AppLibrary">
<status status="PASS" starttime="20241117 19:19:34.242" endtime="20241117 19:19:34.247"/>
</kw>
<kw name="Create User" library="AppLibrary">
<arg>kalle</arg>
<arg>kalle123</arg>
<status status="PASS" starttime="20241117 19:19:34.247" endtime="20241117 19:19:34.258"/>
</kw>
<kw name="Go To Register Page" library="resource">
<kw name="Go To" library="SeleniumLibrary">
<arg>${REGISTER_URL}</arg>
<doc>Navigates the current browser window to the provided ``url``.</doc>
<msg timestamp="20241117 19:19:34.259" level="INFO">Opening url 'http://localhost:5001/register'</msg>
<status status="PASS" starttime="20241117 19:19:34.258" endtime="20241117 19:19:34.836"/>
</kw>
<status status="PASS" starttime="20241117 19:19:34.258" endtime="20241117 19:19:34.837"/>
</kw>
<status status="PASS" starttime="20241117 19:19:34.241" endtime="20241117 19:19:34.837"/>
</kw>
<kw name="Set Username">
<arg>zzz</arg>
<kw name="Input Text" library="SeleniumLibrary">
<arg>username</arg>
<arg>${username}</arg>
<doc>Types the given ``text`` into the text field identified by ``locator``.</doc>
<msg timestamp="20241117 19:19:34.839" level="INFO">Typing text 'zzz' into text field 'username'.</msg>
<status status="PASS" starttime="20241117 19:19:34.838" endtime="20241117 19:19:36.538"/>
</kw>
<status status="PASS" starttime="20241117 19:19:34.837" endtime="20241117 19:19:36.538"/>
</kw>
<kw name="Set Password">
<arg>zzzzz123</arg>
<kw name="Input Password" library="SeleniumLibrary">
<arg>password</arg>
<arg>${password}</arg>
<doc>Types the given password into the text field identified by ``locator``.</doc>
<msg timestamp="20241117 19:19:36.540" level="INFO">Typing password into text field 'password'.</msg>
<msg timestamp="20241117 19:19:37.627" level="INFO">Temporally setting log level to: NONE</msg>
<msg timestamp="20241117 19:19:38.243" level="INFO">Log level changed from NONE to INFO.</msg>
<status status="PASS" starttime="20241117 19:19:36.539" endtime="20241117 19:19:38.243"/>
</kw>
<status status="PASS" starttime="20241117 19:19:36.539" endtime="20241117 19:19:38.243"/>
</kw>
<kw name="Set Password confirmation">
<arg>zzzzz1234</arg>
<kw name="Input Password" library="SeleniumLibrary">
<arg>password_confirmation</arg>
<arg>${password_confirmation}</arg>
<doc>Types the given password into the text field identified by ``locator``.</doc>
<msg timestamp="20241117 19:19:38.245" level="INFO">Typing password into text field 'password_confirmation'.</msg>
<msg timestamp="20241117 19:19:39.357" level="INFO">Temporally setting log level to: NONE</msg>
<msg timestamp="20241117 19:19:39.978" level="INFO">Log level changed from NONE to INFO.</msg>
<status status="PASS" starttime="20241117 19:19:38.244" endtime="20241117 19:19:39.978"/>
</kw>
<status status="PASS" starttime="20241117 19:19:38.244" endtime="20241117 19:19:39.978"/>
</kw>
<kw name="Submit Credentials">
<kw name="Click Button" library="SeleniumLibrary">
<arg>Register</arg>
<doc>Clicks the button identified by ``locator``.</doc>
<msg timestamp="20241117 19:19:39.980" level="INFO">Clicking button 'Register'.</msg>
<status status="PASS" starttime="20241117 19:19:39.979" endtime="20241117 19:19:42.217"/>
</kw>
<status status="PASS" starttime="20241117 19:19:39.979" endtime="20241117 19:19:42.218"/>
</kw>
<kw name="Register Should Fail With Message">
<arg>Password doesn't match</arg>
<kw name="Register Page Should Be Open" library="resource">
<kw name="Title Should Be" library="SeleniumLibrary">
<arg>Register</arg>
<doc>Verifies that the current page title equals ``title``.</doc>
<msg timestamp="20241117 19:19:42.758" level="INFO">Page title is 'Register'.</msg>
<status status="PASS" starttime="20241117 19:19:42.219" endtime="20241117 19:19:42.758"/>
</kw>
<status status="PASS" starttime="20241117 19:19:42.219" endtime="20241117 19:19:42.758"/>
</kw>
<kw name="Page Should Contain" library="SeleniumLibrary">
<arg>${message}</arg>
<doc>Verifies that current page contains ``text``.</doc>
<msg timestamp="20241117 19:19:43.814" level="INFO">Current page contains text 'Password doesn't match'.</msg>
<status status="PASS" starttime="20241117 19:19:42.759" endtime="20241117 19:19:43.815"/>
</kw>
<status status="PASS" starttime="20241117 19:19:42.218" endtime="20241117 19:19:43.815"/>
</kw>
<status status="PASS" starttime="20241117 19:19:34.240" endtime="20241117 19:19:43.815"/>
</test>
<test id="s1-t8" name="Register With Username That Is Already In Use" line="70">
<kw name="Reset Application Create User And Go To Register Page" type="SETUP">
<kw name="Reset Application" library="AppLibrary">
<status status="PASS" starttime="20241117 19:19:43.818" endtime="20241117 19:19:43.824"/>
</kw>
<kw name="Create User" library="AppLibrary">
<arg>kalle</arg>
<arg>kalle123</arg>
<status status="PASS" starttime="20241117 19:19:43.824" endtime="20241117 19:19:43.837"/>
</kw>
<kw name="Go To Register Page" library="resource">
<kw name="Go To" library="SeleniumLibrary">
<arg>${REGISTER_URL}</arg>
<doc>Navigates the current browser window to the provided ``url``.</doc>
<msg timestamp="20241117 19:19:43.838" level="INFO">Opening url 'http://localhost:5001/register'</msg>
<status status="PASS" starttime="20241117 19:19:43.838" endtime="20241117 19:19:44.378"/>
</kw>
<status status="PASS" starttime="20241117 19:19:43.837" endtime="20241117 19:19:44.378"/>
</kw>
<status status="PASS" starttime="20241117 19:19:43.818" endtime="20241117 19:19:44.378"/>
</kw>
<kw name="Set Username">
<arg>kalle</arg>
<kw name="Input Text" library="SeleniumLibrary">
<arg>username</arg>
<arg>${username}</arg>
<doc>Types the given ``text`` into the text field identified by ``locator``.</doc>
<msg timestamp="20241117 19:19:44.380" level="INFO">Typing text 'kalle' into text field 'username'.</msg>
<status status="PASS" starttime="20241117 19:19:44.379" endtime="20241117 19:19:46.128"/>
</kw>
<status status="PASS" starttime="20241117 19:19:44.379" endtime="20241117 19:19:46.128"/>
</kw>
<kw name="Set Password">
<arg>zzzzz123</arg>
<kw name="Input Password" library="SeleniumLibrary">
<arg>password</arg>
<arg>${password}</arg>
<doc>Types the given password into the text field identified by ``locator``.</doc>
<msg timestamp="20241117 19:19:46.130" level="INFO">Typing password into text field 'password'.</msg>
<msg timestamp="20241117 19:19:47.198" level="INFO">Temporally setting log level to: NONE</msg>
<msg timestamp="20241117 19:19:47.797" level="INFO">Log level changed from NONE to INFO.</msg>
<status status="PASS" starttime="20241117 19:19:46.130" endtime="20241117 19:19:47.798"/>
</kw>
<status status="PASS" starttime="20241117 19:19:46.129" endtime="20241117 19:19:47.798"/>
</kw>
<kw name="Set Password confirmation">
<arg>zzzzz123</arg>
<kw name="Input Password" library="SeleniumLibrary">
<arg>password_confirmation</arg>
<arg>${password_confirmation}</arg>
<doc>Types the given password into the text field identified by ``locator``.</doc>
<msg timestamp="20241117 19:19:47.800" level="INFO">Typing password into text field 'password_confirmation'.</msg>
<msg timestamp="20241117 19:19:48.927" level="INFO">Temporally setting log level to: NONE</msg>
<msg timestamp="20241117 19:19:49.564" level="INFO">Log level changed from NONE to INFO.</msg>
<status status="PASS" starttime="20241117 19:19:47.799" endtime="20241117 19:19:49.564"/>
</kw>
<status status="PASS" starttime="20241117 19:19:47.798" endtime="20241117 19:19:49.564"/>
</kw>
<kw name="Submit Credentials">
<kw name="Click Button" library="SeleniumLibrary">
<arg>Register</arg>
<doc>Clicks the button identified by ``locator``.</doc>
<msg timestamp="20241117 19:19:49.566" level="INFO">Clicking button 'Register'.</msg>
<status status="PASS" starttime="20241117 19:19:49.566" endtime="20241117 19:19:51.808"/>
</kw>
<status status="PASS" starttime="20241117 19:19:49.565" endtime="20241117 19:19:51.808"/>
</kw>
<kw name="Register Should Fail With Message">
<arg>Username not available, choose another one</arg>
<kw name="Register Page Should Be Open" library="resource">
<kw name="Title Should Be" library="SeleniumLibrary">
<arg>Register</arg>
<doc>Verifies that the current page title equals ``title``.</doc>
<msg timestamp="20241117 19:19:52.328" level="INFO">Page title is 'Register'.</msg>
<status status="PASS" starttime="20241117 19:19:51.810" endtime="20241117 19:19:52.328"/>
</kw>
<status status="PASS" starttime="20241117 19:19:51.809" endtime="20241117 19:19:52.328"/>
</kw>
<kw name="Page Should Contain" library="SeleniumLibrary">
<arg>${message}</arg>
<doc>Verifies that current page contains ``text``.</doc>
<msg timestamp="20241117 19:19:53.398" level="INFO">Current page contains text 'Username not available, choose another one'.</msg>
<status status="PASS" starttime="20241117 19:19:52.328" endtime="20241117 19:19:53.398"/>
</kw>
<status status="PASS" starttime="20241117 19:19:51.809" endtime="20241117 19:19:53.398"/>
</kw>
<status status="PASS" starttime="20241117 19:19:43.816" endtime="20241117 19:19:53.399"/>
</test>
<kw name="Close Browser" library="SeleniumLibrary" type="TEARDOWN">
<doc>Closes the current browser.</doc>
<status status="PASS" starttime="20241117 19:19:53.401" endtime="20241117 19:19:54.068"/>
</kw>
<status status="PASS" starttime="20241117 19:18:18.977" endtime="20241117 19:19:54.068"/>
</suite>
<statistics>
<total>
<stat pass="8" fail="0" skip="0">All Tests</stat>
</total>
<tag>
</tag>
<suite>
<stat pass="8" fail="0" skip="0" id="s1" name="Register">Register</stat>
</suite>
</statistics>
<errors>
</errors>
</robot>
